<?xml version="1.0" encoding="UTF-8"?>
<testsuite xmlns:xsi="http://www.w3.org/2001/XMLSchema-instance"
           xsi:noNamespaceSchemaLocation="https://maven.apache.org/surefire/maven-surefire-plugin/xsd/surefire-test-report.xsd"
           name="com.danny.sfgpetclinic.controllers.IndexControllerTest" time="0.131" tests="12" errors="0" skipped="5"
           failures="0">
    <properties>
        <property name="sun.desktop" value="windows"/>
        <property name="awt.toolkit" value="sun.awt.windows.WToolkit"/>
        <property name="file.encoding.pkg" value="sun.io"/>
        <property name="java.specification.version" value="1.8"/>
        <property name="sun.cpu.isalist" value="amd64"/>
        <property name="sun.jnu.encoding" value="Cp1252"/>
        <property name="java.class.path"
                  value="C:\Users\Danish\.m2\repository\org\apache\maven\surefire\surefire-booter\2.22.2\surefire-booter-2.22.2.jar;C:\Users\Danish\.m2\repository\org\apache\maven\surefire\surefire-api\2.22.2\surefire-api-2.22.2.jar;C:\Users\Danish\.m2\repository\org\apache\maven\surefire\surefire-logger-api\2.22.2\surefire-logger-api-2.22.2.jar;C:\Users\Danish\Desktop\Downloads\Eclipse_EE_Workspace\Testing\intro-junit5\target\test-classes;C:\Users\Danish\Desktop\Downloads\Eclipse_EE_Workspace\Testing\intro-junit5\target\classes;C:\Users\Danish\.m2\repository\javax\validation\validation-api\2.0.1.Final\validation-api-2.0.1.Final.jar;C:\Users\Danish\.m2\repository\org\apache\commons\commons-lang3\3.9\commons-lang3-3.9.jar;C:\Users\Danish\.m2\repository\org\junit\jupiter\junit-jupiter-api\5.4.2\junit-jupiter-api-5.4.2.jar;C:\Users\Danish\.m2\repository\org\apiguardian\apiguardian-api\1.0.0\apiguardian-api-1.0.0.jar;C:\Users\Danish\.m2\repository\org\opentest4j\opentest4j\1.1.1\opentest4j-1.1.1.jar;C:\Users\Danish\.m2\repository\org\junit\platform\junit-platform-commons\1.4.2\junit-platform-commons-1.4.2.jar;C:\Users\Danish\.m2\repository\org\junit\jupiter\junit-jupiter-engine\5.4.2\junit-jupiter-engine-5.4.2.jar;C:\Users\Danish\.m2\repository\org\junit\platform\junit-platform-engine\1.4.2\junit-platform-engine-1.4.2.jar;C:\Users\Danish\.m2\repository\org\junit\jupiter\junit-jupiter-params\5.4.2\junit-jupiter-params-5.4.2.jar;C:\Users\Danish\.m2\repository\org\assertj\assertj-core\3.12.2\assertj-core-3.12.2.jar;C:\Users\Danish\.m2\repository\org\hamcrest\hamcrest-library\2.1\hamcrest-library-2.1.jar;C:\Users\Danish\.m2\repository\org\hamcrest\hamcrest-core\2.1\hamcrest-core-2.1.jar;C:\Users\Danish\.m2\repository\org\hamcrest\hamcrest\2.1\hamcrest-2.1.jar;C:\Users\Danish\.m2\repository\org\apache\maven\surefire\surefire-junit-platform\2.22.2\surefire-junit-platform-2.22.2.jar;C:\Users\Danish\.m2\repository\org\junit\platform\junit-platform-launcher\1.3.1\junit-platform-launcher-1.3.1.jar"/>
        <property name="java.vm.vendor" value="Oracle Corporation"/>
        <property name="sun.arch.data.model" value="64"/>
        <property name="user.variant" value=""/>
        <property name="java.vendor.url" value="http://java.oracle.com/"/>
        <property name="user.timezone" value="Asia/Karachi"/>
        <property name="java.vm.specification.version" value="1.8"/>
        <property name="os.name" value="Windows 10"/>
        <property name="user.country" value="US"/>
        <property name="sun.java.launcher" value="SUN_STANDARD"/>
        <property name="sun.boot.library.path" value="C:\Program Files\Java\jdk1.8.0_101\jre\bin"/>
        <property name="sun.java.command"
                  value="org.apache.maven.surefire.booter.ForkedBooter C:\Users\Danish\AppData\Local\Temp\surefire2724932714013898862 2019-06-06T19-23-06_406-jvmRun1 surefire662521316676213276tmp surefire_0369245816071594847tmp"/>
        <property name="surefire.test.class.path"
                  value="C:\Users\Danish\Desktop\Downloads\Eclipse_EE_Workspace\Testing\intro-junit5\target\test-classes;C:\Users\Danish\Desktop\Downloads\Eclipse_EE_Workspace\Testing\intro-junit5\target\classes;C:\Users\Danish\.m2\repository\javax\validation\validation-api\2.0.1.Final\validation-api-2.0.1.Final.jar;C:\Users\Danish\.m2\repository\org\apache\commons\commons-lang3\3.9\commons-lang3-3.9.jar;C:\Users\Danish\.m2\repository\org\junit\jupiter\junit-jupiter-api\5.4.2\junit-jupiter-api-5.4.2.jar;C:\Users\Danish\.m2\repository\org\apiguardian\apiguardian-api\1.0.0\apiguardian-api-1.0.0.jar;C:\Users\Danish\.m2\repository\org\opentest4j\opentest4j\1.1.1\opentest4j-1.1.1.jar;C:\Users\Danish\.m2\repository\org\junit\platform\junit-platform-commons\1.4.2\junit-platform-commons-1.4.2.jar;C:\Users\Danish\.m2\repository\org\junit\jupiter\junit-jupiter-engine\5.4.2\junit-jupiter-engine-5.4.2.jar;C:\Users\Danish\.m2\repository\org\junit\platform\junit-platform-engine\1.4.2\junit-platform-engine-1.4.2.jar;C:\Users\Danish\.m2\repository\org\junit\jupiter\junit-jupiter-params\5.4.2\junit-jupiter-params-5.4.2.jar;C:\Users\Danish\.m2\repository\org\assertj\assertj-core\3.12.2\assertj-core-3.12.2.jar;C:\Users\Danish\.m2\repository\org\hamcrest\hamcrest-library\2.1\hamcrest-library-2.1.jar;C:\Users\Danish\.m2\repository\org\hamcrest\hamcrest-core\2.1\hamcrest-core-2.1.jar;C:\Users\Danish\.m2\repository\org\hamcrest\hamcrest\2.1\hamcrest-2.1.jar;"/>
        <property name="sun.cpu.endian" value="little"/>
        <property name="user.home" value="C:\Users\Danish"/>
        <property name="user.language" value="en"/>
        <property name="java.specification.vendor" value="Oracle Corporation"/>
        <property name="java.home" value="C:\Program Files\Java\jdk1.8.0_101\jre"/>
        <property name="basedir" value="C:\Users\Danish\Desktop\Downloads\Eclipse_EE_Workspace\Testing\intro-junit5"/>
        <property name="file.separator" value="\"/>
        <property name="line.separator" value="&#10;"/>
        <property name="java.vm.specification.vendor" value="Oracle Corporation"/>
        <property name="java.specification.name" value="Java Platform API Specification"/>
        <property name="java.awt.graphicsenv" value="sun.awt.Win32GraphicsEnvironment"/>
        <property name="sun.boot.class.path"
                  value="C:\Program Files\Java\jdk1.8.0_101\jre\lib\resources.jar;C:\Program Files\Java\jdk1.8.0_101\jre\lib\rt.jar;C:\Program Files\Java\jdk1.8.0_101\jre\lib\sunrsasign.jar;C:\Program Files\Java\jdk1.8.0_101\jre\lib\jsse.jar;C:\Program Files\Java\jdk1.8.0_101\jre\lib\jce.jar;C:\Program Files\Java\jdk1.8.0_101\jre\lib\charsets.jar;C:\Program Files\Java\jdk1.8.0_101\jre\lib\jfr.jar;C:\Program Files\Java\jdk1.8.0_101\jre\classes"/>
        <property name="user.script" value=""/>
        <property name="sun.management.compiler" value="HotSpot 64-Bit Tiered Compilers"/>
        <property name="java.runtime.version" value="1.8.0_101-b13"/>
        <property name="user.name" value="Danish"/>
        <property name="path.separator" value=";"/>
        <property name="os.version" value="10.0"/>
        <property name="java.endorsed.dirs" value="C:\Program Files\Java\jdk1.8.0_101\jre\lib\endorsed"/>
        <property name="java.runtime.name" value="Java(TM) SE Runtime Environment"/>
        <property name="file.encoding" value="Cp1252"/>
        <property name="java.vm.name" value="Java HotSpot(TM) 64-Bit Server VM"/>
        <property name="localRepository" value="C:\Users\Danish\.m2\repository"/>
        <property name="java.vendor.url.bug" value="http://bugreport.sun.com/bugreport/"/>
        <property name="java.io.tmpdir" value="C:\Users\Danish\AppData\Local\Temp\"/>
        <property name="java.version" value="1.8.0_101"/>
        <property name="user.dir" value="C:\Users\Danish\Desktop\Downloads\Eclipse_EE_Workspace\Testing\intro-junit5"/>
        <property name="os.arch" value="amd64"/>
        <property name="java.vm.specification.name" value="Java Virtual Machine Specification"/>
        <property name="java.awt.printerjob" value="sun.awt.windows.WPrinterJob"/>
        <property name="sun.os.patch.level" value=""/>
        <property name="java.library.path"
                  value="C:\Program Files\Java\jdk1.8.0_101\jre\bin;C:\WINDOWS\Sun\Java\bin;C:\WINDOWS\system32;C:\WINDOWS;C:\Program Files (x86)\Common Files\Oracle\Java\javapath;C:\Program Files (x86)\Common Files\Intel\Shared Files\cpp\bin\Intel64;C:\ProgramData\Oracle\Java\javapath;C:\Program Files (x86)\Intel\iCLS Client\;C:\Program Files\Intel\iCLS Client\;C:\WINDOWS\system32;C:\WINDOWS;C:\WINDOWS\System32\Wbem;C:\WINDOWS\System32\WindowsPowerShell\v1.0\;C:\Program Files (x86)\Intel\Intel(R) Management Engine Components\DAL;C:\Program Files\Intel\Intel(R) Management Engine Components\DAL;C:\Program Files (x86)\Intel\Intel(R) Management Engine Components\IPT;C:\Program Files\Intel\Intel(R) Management Engine Components\IPT;C:\Program Files (x86)\Heroku\bin;C:\Program Files (x86)\git\cmd;C:\Program Files (x86)\Git\cmd;C:\Program Files\nodejs\;C:\Users\Danish\AppData\Local\Android\sdk1\tools;C:\Program Files\Java\jre1.8.0_111\bin;C:\Users\Danish\AppData\Local\Android\sdk1\platform-tools;C:\Users\Danish\AppData\Local\Android\sdk1\tools;C:\xampp\php;C:\ProgramData\ComposerSetup\bin;C:\Program Files\PuTTY\;C:\Program Files\Java\jdk1.8.0_101\bin;C:\WINDOWS\System32\OpenSSH\;C:\Gradle\gradle-4.8\bin;C:\apache-maven-3.5.3\bin;C:\Program Files\Amazon\AWSCLI\bin\;C:\Program Files (x86)\Git\usr\bin;C:\Python36\Scripts\;C:\Python36\;C:\Users\Danish\AppData\Local\Microsoft\WindowsApps;C:\Users\Danish\AppData\Roaming\npm;C:\Program Files (x86)\Microsoft VS Code\bin;C:\Users\Danish\AppData\Roaming\Composer\vendor\bin;;."/>
        <property name="java.vm.info" value="mixed mode"/>
        <property name="java.vendor" value="Oracle Corporation"/>
        <property name="java.vm.version" value="25.101-b13"/>
        <property name="java.ext.dirs"
                  value="C:\Program Files\Java\jdk1.8.0_101\jre\lib\ext;C:\WINDOWS\Sun\Java\lib\ext"/>
        <property name="sun.io.unicode.encoding" value="UnicodeLittle"/>
        <property name="java.class.version" value="52.0"/>
    </properties>
    <testcase name="testOnJava8" classname="com.danny.sfgpetclinic.controllers.IndexControllerTest" time="0"/>
    <testcase name="testOnMacOS" classname="com.danny.sfgpetclinic.controllers.IndexControllerTest" time="0">
        <skipped message="Disabled on operating system: Windows 10"/>
    </testcase>
    <testcase name="testTimeout" classname="com.danny.sfgpetclinic.controllers.IndexControllerTest" time="0.002"/>
    <testcase name="testAssumptionTrueAssumptionIsTrue"
              classname="com.danny.sfgpetclinic.controllers.IndexControllerTest" time="0"/>
    <testcase name="testTimeoutPrempt" classname="com.danny.sfgpetclinic.controllers.IndexControllerTest" time="0"/>
    <testcase name="testOnWindows" classname="com.danny.sfgpetclinic.controllers.IndexControllerTest" time="0.001"/>
    <testcase name="testIfUserTotha" classname="com.danny.sfgpetclinic.controllers.IndexControllerTest" time="0">
        <skipped
                message="Environment variable [USERNAME] with value [Danish] does not match regular expression [Totha]"/>
    </testcase>
    <testcase name="index" classname="com.danny.sfgpetclinic.controllers.IndexControllerTest" time="0.102"/>
    <testcase name="oupsHandler" classname="com.danny.sfgpetclinic.controllers.IndexControllerTest" time="0.003"/>
    <testcase name="testAssumptionTrue" classname="com.danny.sfgpetclinic.controllers.IndexControllerTest" time="0">
        <skipped message="Assumption failed: assumption is not true" type="org.opentest4j.TestAbortedException">
            org.opentest4j.TestAbortedException: Assumption failed: assumption is not true
            at com.danny.sfgpetclinic.controllers.IndexControllerTest.testAssumptionTrue(IndexControllerTest.java:68)
        </skipped>
    </testcase>
    <testcase name="testIfUserDanish" classname="com.danny.sfgpetclinic.controllers.IndexControllerTest" time="0">
        <skipped
                message="Environment variable [USERNAME] with value [Danish] does not match regular expression [SYSTEM]"/>
    </testcase>
    <testcase name="testOnJava11" classname="com.danny.sfgpetclinic.controllers.IndexControllerTest" time="0">
        <skipped message="Disabled on JRE version: 1.8.0_101"/>
    </testcase>
</testsuite>