<?xml version="1.0" encoding="UTF-8"?>
<testsuite name="com.danny.sfgpetclinic.model.PersonTest" tests="2" skipped="0" failures="0" errors="0"
           timestamp="2019-06-10T07:37:33" hostname="Danish" time="0.011">
    <properties/>
    <testcase name="groupedAssertions()" classname="com.danny.sfgpetclinic.model.PersonTest" time="0.002"/>
    <testcase name="groupedAssertionMsgs()" classname="com.danny.sfgpetclinic.model.PersonTest" time="0.002"/>
    <system-out><![CDATA[]]></system-out>
    <system-err><![CDATA[]]></system-err>
</testsuite>
