<?xml version="1.0" encoding="UTF-8"?>
<testsuite name="com.danny.sfgpetclinic.services.map.OwnerMapServiceTest$TestCreatePetTypes" tests="1" skipped="0"
           failures="0" errors="0" timestamp="2019-06-10T07:37:33" hostname="Danish" time="0.003">
    <properties/>
    <testcase name="testPetCount()"
              classname="com.danny.sfgpetclinic.services.map.OwnerMapServiceTest$TestCreatePetTypes" time="0.003"/>
    <system-out><![CDATA[]]></system-out>
    <system-err><![CDATA[]]></system-err>
</testsuite>
