<?xml version="1.0" encoding="UTF-8"?>
<testsuite name="com.danny.sfgpetclinic.controllers.VetControllerTest" tests="1" skipped="1" failures="0" errors="0"
           timestamp="2019-06-10T07:37:33" hostname="Danish" time="0.0">
    <properties/>
    <testcase name="listVets()" classname="com.danny.sfgpetclinic.controllers.VetControllerTest" time="0.0">
        <skipped/>
    </testcase>
    <system-out><![CDATA[]]></system-out>
    <system-err><![CDATA[]]></system-err>
</testsuite>
