<?xml version="1.0" encoding="UTF-8"?>
<testsuite name="com.danny.sfgpetclinic.services.springdatajpa.OwnerSDJpaServiceTest" tests="7" skipped="7" failures="0"
           errors="0" timestamp="2019-06-10T07:37:33" hostname="Danish" time="0.003">
    <properties/>
    <testcase name="delete()" classname="com.danny.sfgpetclinic.services.springdatajpa.OwnerSDJpaServiceTest"
              time="0.0">
        <skipped/>
    </testcase>
    <testcase name="findAllByLastNameLike()"
              classname="com.danny.sfgpetclinic.services.springdatajpa.OwnerSDJpaServiceTest" time="0.001">
        <skipped/>
    </testcase>
    <testcase name="findAll()" classname="com.danny.sfgpetclinic.services.springdatajpa.OwnerSDJpaServiceTest"
              time="0.001">
        <skipped/>
    </testcase>
    <testcase name="findById()" classname="com.danny.sfgpetclinic.services.springdatajpa.OwnerSDJpaServiceTest"
              time="0.0">
        <skipped/>
    </testcase>
    <testcase name="save()" classname="com.danny.sfgpetclinic.services.springdatajpa.OwnerSDJpaServiceTest" time="0.0">
        <skipped/>
    </testcase>
    <testcase name="findByLastName()" classname="com.danny.sfgpetclinic.services.springdatajpa.OwnerSDJpaServiceTest"
              time="0.0">
        <skipped/>
    </testcase>
    <testcase name="deleteById()" classname="com.danny.sfgpetclinic.services.springdatajpa.OwnerSDJpaServiceTest"
              time="0.0">
        <skipped/>
    </testcase>
    <system-out><![CDATA[]]></system-out>
    <system-err><![CDATA[]]></system-err>
</testsuite>
